{"/Users/sumit/Desktop/challenge-frontend-nextjs/CSSStub.js": {"path":"/Users/sumit/Desktop/challenge-frontend-nextjs/CSSStub.js","statementMap":{"0":{"start":{"line":1,"column":0},"end":{"line":1,"column":20}}},"fnMap":{},"branchMap":{},"s":{"0":3},"f":{},"b":{},"_coverageSchema":"1a1c01bbd47fc00a2c39e90264f33305004495a9","hash":"a9c0f52037feeb288f761cbcadf6a246d61f86f1"}
,"/Users/sumit/Desktop/challenge-frontend-nextjs/actions/news.js": {"path":"/Users/sumit/Desktop/challenge-frontend-nextjs/actions/news.js","statementMap":{"0":{"start":{"line":8,"column":24},"end":{"line":13,"column":1}},"1":{"start":{"line":9,"column":2},"end":{"line":12,"column":4}},"2":{"start":{"line":15,"column":28},"end":{"line":20,"column":1}},"3":{"start":{"line":16,"column":2},"end":{"line":19,"column":4}},"4":{"start":{"line":22,"column":29},"end":{"line":26,"column":1}},"5":{"start":{"line":23,"column":2},"end":{"line":25,"column":4}},"6":{"start":{"line":28,"column":25},"end":{"line":33,"column":1}},"7":{"start":{"line":29,"column":2},"end":{"line":32,"column":4}}},"fnMap":{"0":{"name":"(anonymous_0)","decl":{"start":{"line":8,"column":24},"end":{"line":8,"column":25}},"loc":{"start":{"line":8,"column":34},"end":{"line":13,"column":1}},"line":8},"1":{"name":"(anonymous_1)","decl":{"start":{"line":15,"column":28},"end":{"line":15,"column":29}},"loc":{"start":{"line":15,"column":42},"end":{"line":20,"column":1}},"line":15},"2":{"name":"(anonymous_2)","decl":{"start":{"line":22,"column":29},"end":{"line":22,"column":30}},"loc":{"start":{"line":22,"column":35},"end":{"line":26,"column":1}},"line":22},"3":{"name":"(anonymous_3)","decl":{"start":{"line":28,"column":25},"end":{"line":28,"column":26}},"loc":{"start":{"line":28,"column":40},"end":{"line":33,"column":1}},"line":28}},"branchMap":{},"s":{"0":2,"1":2,"2":2,"3":2,"4":2,"5":2,"6":2,"7":2},"f":{"0":2,"1":2,"2":2,"3":2},"b":{},"_coverageSchema":"1a1c01bbd47fc00a2c39e90264f33305004495a9","hash":"4ac15f1d7310f0c4aa6aeb9d15935006064746b3"}
,"/Users/sumit/Desktop/challenge-frontend-nextjs/actions/types.js": {"path":"/Users/sumit/Desktop/challenge-frontend-nextjs/actions/types.js","statementMap":{"0":{"start":{"line":1,"column":30},"end":{"line":1,"column":46}},"1":{"start":{"line":2,"column":30},"end":{"line":2,"column":46}},"2":{"start":{"line":3,"column":31},"end":{"line":3,"column":48}},"3":{"start":{"line":4,"column":31},"end":{"line":4,"column":48}}},"fnMap":{},"branchMap":{},"s":{"0":3,"1":3,"2":3,"3":3},"f":{},"b":{},"_coverageSchema":"1a1c01bbd47fc00a2c39e90264f33305004495a9","hash":"9d3d3fa4a255a402683f0cbfce36f2a9295fad16"}
,"/Users/sumit/Desktop/challenge-frontend-nextjs/components/data.json": {"path":"/Users/sumit/Desktop/challenge-frontend-nextjs/components/data.json","statementMap":{},"fnMap":{},"branchMap":{},"s":{},"f":{},"b":{},"inputSourceMap":null}
,"/Users/sumit/Desktop/challenge-frontend-nextjs/components/detail.js": {"path":"/Users/sumit/Desktop/challenge-frontend-nextjs/components/detail.js","statementMap":{"0":{"start":{"line":9,"column":34},"end":{"line":9,"column":48}},"1":{"start":{"line":10,"column":17},"end":{"line":10,"column":28}},"2":{"start":{"line":11,"column":19},"end":{"line":15,"column":4}},"3":{"start":{"line":12,"column":4},"end":{"line":14,"column":6}},"4":{"start":{"line":16,"column":2},"end":{"line":18,"column":9}},"5":{"start":{"line":17,"column":4},"end":{"line":17,"column":22}},"6":{"start":{"line":23,"column":2},"end":{"line":110,"column":4}}},"fnMap":{"0":{"name":"Detail","decl":{"start":{"line":8,"column":9},"end":{"line":8,"column":15}},"loc":{"start":{"line":8,"column":23},"end":{"line":111,"column":1}},"line":8},"1":{"name":"(anonymous_1)","decl":{"start":{"line":11,"column":31},"end":{"line":11,"column":32}},"loc":{"start":{"line":11,"column":42},"end":{"line":15,"column":3}},"line":11},"2":{"name":"(anonymous_2)","decl":{"start":{"line":16,"column":12},"end":{"line":16,"column":13}},"loc":{"start":{"line":16,"column":18},"end":{"line":18,"column":3}},"line":16}},"branchMap":{"0":{"loc":{"start":{"line":31,"column":14},"end":{"line":35,"column":32}},"type":"cond-expr","locations":[{"start":{"line":32,"column":18},"end":{"line":34,"column":34}},{"start":{"line":35,"column":18},"end":{"line":35,"column":32}}],"line":31},"1":{"loc":{"start":{"line":32,"column":18},"end":{"line":34,"column":34}},"type":"cond-expr","locations":[{"start":{"line":33,"column":20},"end":{"line":33,"column":76}},{"start":{"line":34,"column":20},"end":{"line":34,"column":34}}],"line":32},"2":{"loc":{"start":{"line":64,"column":15},"end":{"line":64,"column":48}},"type":"binary-expr","locations":[{"start":{"line":64,"column":15},"end":{"line":64,"column":39}},{"start":{"line":64,"column":43},"end":{"line":64,"column":48}}],"line":64},"3":{"loc":{"start":{"line":84,"column":15},"end":{"line":84,"column":47}},"type":"binary-expr","locations":[{"start":{"line":84,"column":15},"end":{"line":84,"column":38}},{"start":{"line":84,"column":42},"end":{"line":84,"column":47}}],"line":84},"4":{"loc":{"start":{"line":94,"column":15},"end":{"line":94,"column":49}},"type":"binary-expr","locations":[{"start":{"line":94,"column":15},"end":{"line":94,"column":40}},{"start":{"line":94,"column":44},"end":{"line":94,"column":49}}],"line":94},"5":{"loc":{"start":{"line":105,"column":15},"end":{"line":105,"column":50}},"type":"binary-expr","locations":[{"start":{"line":105,"column":15},"end":{"line":105,"column":41}},{"start":{"line":105,"column":45},"end":{"line":105,"column":50}}],"line":105}},"s":{"0":3,"1":2,"2":2,"3":2,"4":2,"5":1,"6":2},"f":{"0":3,"1":2,"2":1},"b":{"0":[0,2],"1":[0,0],"2":[2,2],"3":[2,2],"4":[2,2],"5":[2,2]},"_coverageSchema":"1a1c01bbd47fc00a2c39e90264f33305004495a9","hash":"c365588edf66477966efca6db70a26f5facfe7d6"}
,"/Users/sumit/Desktop/challenge-frontend-nextjs/components/header.js": {"path":"/Users/sumit/Desktop/challenge-frontend-nextjs/components/header.js","statementMap":{"0":{"start":{"line":6,"column":36},"end":{"line":6,"column":54}},"1":{"start":{"line":7,"column":17},"end":{"line":7,"column":28}},"2":{"start":{"line":8,"column":21},"end":{"line":10,"column":3}},"3":{"start":{"line":9,"column":4},"end":{"line":9,"column":41}},"4":{"start":{"line":11,"column":2},"end":{"line":13,"column":30}},"5":{"start":{"line":12,"column":4},"end":{"line":12,"column":40}},"6":{"start":{"line":15,"column":2},"end":{"line":69,"column":4}},"7":{"start":{"line":34,"column":10},"end":{"line":34,"column":22}},"8":{"start":{"line":35,"column":10},"end":{"line":35,"column":29}},"9":{"start":{"line":40,"column":29},"end":{"line":40,"column":57}},"10":{"start":{"line":52,"column":14},"end":{"line":52,"column":31}},"11":{"start":{"line":53,"column":14},"end":{"line":53,"column":31}}},"fnMap":{"0":{"name":"Header","decl":{"start":{"line":5,"column":9},"end":{"line":5,"column":15}},"loc":{"start":{"line":5,"column":18},"end":{"line":70,"column":1}},"line":5},"1":{"name":"(anonymous_1)","decl":{"start":{"line":8,"column":21},"end":{"line":8,"column":22}},"loc":{"start":{"line":8,"column":27},"end":{"line":10,"column":3}},"line":8},"2":{"name":"(anonymous_2)","decl":{"start":{"line":11,"column":12},"end":{"line":11,"column":13}},"loc":{"start":{"line":11,"column":18},"end":{"line":13,"column":3}},"line":11},"3":{"name":"(anonymous_3)","decl":{"start":{"line":32,"column":51},"end":{"line":32,"column":52}},"loc":{"start":{"line":32,"column":62},"end":{"line":36,"column":9}},"line":32},"4":{"name":"(anonymous_4)","decl":{"start":{"line":40,"column":22},"end":{"line":40,"column":23}},"loc":{"start":{"line":40,"column":29},"end":{"line":40,"column":57}},"line":40},"5":{"name":"(anonymous_5)","decl":{"start":{"line":51,"column":21},"end":{"line":51,"column":22}},"loc":{"start":{"line":51,"column":27},"end":{"line":54,"column":13}},"line":51}},"branchMap":{"0":{"loc":{"start":{"line":47,"column":9},"end":{"line":60,"column":9}},"type":"binary-expr","locations":[{"start":{"line":47,"column":9},"end":{"line":47,"column":18}},{"start":{"line":48,"column":10},"end":{"line":59,"column":16}}],"line":47}},"s":{"0":8,"1":8,"2":8,"3":2,"4":8,"5":3,"6":5,"7":1,"8":1,"9":1,"10":1,"11":1},"f":{"0":8,"1":2,"2":3,"3":1,"4":1,"5":1},"b":{"0":[5,5]},"_coverageSchema":"1a1c01bbd47fc00a2c39e90264f33305004495a9","hash":"e8def58cf5c8f68dafe486d49720d86302de60df"}
,"/Users/sumit/Desktop/challenge-frontend-nextjs/components/home.js": {"path":"/Users/sumit/Desktop/challenge-frontend-nextjs/components/home.js","statementMap":{"0":{"start":{"line":12,"column":20},"end":{"line":12,"column":30}},"1":{"start":{"line":14,"column":26},"end":{"line":14,"column":38}},"2":{"start":{"line":15,"column":34},"end":{"line":15,"column":49}},"3":{"start":{"line":16,"column":36},"end":{"line":16,"column":48}},"4":{"start":{"line":17,"column":20},"end":{"line":17,"column":65}},"5":{"start":{"line":17,"column":43},"end":{"line":17,"column":64}},"6":{"start":{"line":18,"column":21},"end":{"line":18,"column":67}},"7":{"start":{"line":18,"column":44},"end":{"line":18,"column":66}},"8":{"start":{"line":19,"column":17},"end":{"line":19,"column":28}},"9":{"start":{"line":20,"column":19},"end":{"line":20,"column":32}},"10":{"start":{"line":22,"column":22},"end":{"line":49,"column":3}},"11":{"start":{"line":23,"column":4},"end":{"line":23,"column":41}},"12":{"start":{"line":24,"column":4},"end":{"line":47,"column":5}},"13":{"start":{"line":26,"column":6},"end":{"line":26,"column":105}},"14":{"start":{"line":27,"column":4},"end":{"line":29,"column":5}},"15":{"start":{"line":28,"column":6},"end":{"line":28,"column":119}},"16":{"start":{"line":30,"column":4},"end":{"line":30,"column":21}},"17":{"start":{"line":31,"column":17},"end":{"line":43,"column":8}},"18":{"start":{"line":32,"column":21},"end":{"line":32,"column":31}},"19":{"start":{"line":34,"column":8},"end":{"line":38,"column":9}},"20":{"start":{"line":35,"column":10},"end":{"line":35,"column":40}},"21":{"start":{"line":36,"column":10},"end":{"line":36,"column":28}},"22":{"start":{"line":37,"column":10},"end":{"line":37,"column":30}},"23":{"start":{"line":40,"column":8},"end":{"line":40,"column":52}},"24":{"start":{"line":41,"column":8},"end":{"line":41,"column":26}},"25":{"start":{"line":42,"column":8},"end":{"line":42,"column":18}},"26":{"start":{"line":44,"column":4},"end":{"line":44,"column":16}},"27":{"start":{"line":46,"column":6},"end":{"line":46,"column":14}},"28":{"start":{"line":51,"column":2},"end":{"line":60,"column":30}},"29":{"start":{"line":52,"column":4},"end":{"line":52,"column":40}},"30":{"start":{"line":53,"column":4},"end":{"line":58,"column":5}},"31":{"start":{"line":54,"column":6},"end":{"line":54,"column":41}},"32":{"start":{"line":56,"column":6},"end":{"line":56,"column":24}},"33":{"start":{"line":57,"column":6},"end":{"line":57,"column":31}},"34":{"start":{"line":59,"column":4},"end":{"line":59,"column":39}},"35":{"start":{"line":62,"column":21},"end":{"line":70,"column":3}},"36":{"start":{"line":64,"column":4},"end":{"line":64,"column":59}},"37":{"start":{"line":66,"column":6},"end":{"line":66,"column":37}},"38":{"start":{"line":67,"column":6},"end":{"line":67,"column":40}},"39":{"start":{"line":68,"column":6},"end":{"line":68,"column":52}},"40":{"start":{"line":69,"column":6},"end":{"line":69,"column":29}},"41":{"start":{"line":73,"column":2},"end":{"line":147,"column":4}},"42":{"start":{"line":82,"column":16},"end":{"line":134,"column":22}},"43":{"start":{"line":85,"column":33},"end":{"line":85,"column":54}},"44":{"start":{"line":86,"column":31},"end":{"line":86,"column":56}},"45":{"start":{"line":100,"column":22},"end":{"line":102,"column":21}},"46":{"start":{"line":101,"column":24},"end":{"line":101,"column":52}}},"fnMap":{"0":{"name":"Home","decl":{"start":{"line":11,"column":24},"end":{"line":11,"column":28}},"loc":{"start":{"line":11,"column":31},"end":{"line":148,"column":1}},"line":11},"1":{"name":"(anonymous_1)","decl":{"start":{"line":17,"column":32},"end":{"line":17,"column":33}},"loc":{"start":{"line":17,"column":43},"end":{"line":17,"column":64}},"line":17},"2":{"name":"(anonymous_2)","decl":{"start":{"line":18,"column":33},"end":{"line":18,"column":34}},"loc":{"start":{"line":18,"column":44},"end":{"line":18,"column":66}},"line":18},"3":{"name":"(anonymous_3)","decl":{"start":{"line":22,"column":22},"end":{"line":22,"column":23}},"loc":{"start":{"line":22,"column":42},"end":{"line":49,"column":3}},"line":22},"4":{"name":"(anonymous_4)","decl":{"start":{"line":32,"column":12},"end":{"line":32,"column":13}},"loc":{"start":{"line":32,"column":21},"end":{"line":32,"column":31}},"line":32},"5":{"name":"(anonymous_5)","decl":{"start":{"line":33,"column":12},"end":{"line":33,"column":13}},"loc":{"start":{"line":33,"column":22},"end":{"line":39,"column":7}},"line":33},"6":{"name":"(anonymous_6)","decl":{"start":{"line":39,"column":15},"end":{"line":39,"column":16}},"loc":{"start":{"line":39,"column":22},"end":{"line":43,"column":7}},"line":39},"7":{"name":"(anonymous_7)","decl":{"start":{"line":51,"column":12},"end":{"line":51,"column":13}},"loc":{"start":{"line":51,"column":18},"end":{"line":60,"column":3}},"line":51},"8":{"name":"(anonymous_8)","decl":{"start":{"line":62,"column":21},"end":{"line":62,"column":22}},"loc":{"start":{"line":62,"column":44},"end":{"line":70,"column":3}},"line":62},"9":{"name":"(anonymous_9)","decl":{"start":{"line":81,"column":23},"end":{"line":81,"column":24}},"loc":{"start":{"line":82,"column":16},"end":{"line":134,"column":22}},"line":82},"10":{"name":"(anonymous_10)","decl":{"start":{"line":85,"column":27},"end":{"line":85,"column":28}},"loc":{"start":{"line":85,"column":33},"end":{"line":85,"column":54}},"line":85},"11":{"name":"(anonymous_11)","decl":{"start":{"line":86,"column":23},"end":{"line":86,"column":24}},"loc":{"start":{"line":86,"column":31},"end":{"line":86,"column":56}},"line":86},"12":{"name":"(anonymous_12)","decl":{"start":{"line":99,"column":28},"end":{"line":99,"column":29}},"loc":{"start":{"line":99,"column":33},"end":{"line":103,"column":21}},"line":99}},"branchMap":{"0":{"loc":{"start":{"line":22,"column":29},"end":{"line":22,"column":37}},"type":"default-arg","locations":[{"start":{"line":22,"column":33},"end":{"line":22,"column":37}}],"line":22},"1":{"loc":{"start":{"line":27,"column":4},"end":{"line":29,"column":5}},"type":"if","locations":[{"start":{"line":27,"column":4},"end":{"line":29,"column":5}},{"start":{},"end":{}}],"line":27},"2":{"loc":{"start":{"line":34,"column":8},"end":{"line":38,"column":9}},"type":"if","locations":[{"start":{"line":34,"column":8},"end":{"line":38,"column":9}},{"start":{},"end":{}}],"line":34},"3":{"loc":{"start":{"line":53,"column":4},"end":{"line":58,"column":5}},"type":"if","locations":[{"start":{"line":53,"column":4},"end":{"line":58,"column":5}},{"start":{"line":55,"column":11},"end":{"line":58,"column":5}}],"line":53},"4":{"loc":{"start":{"line":80,"column":13},"end":{"line":135,"column":16}},"type":"binary-expr","locations":[{"start":{"line":80,"column":13},"end":{"line":80,"column":17}},{"start":{"line":81,"column":14},"end":{"line":135,"column":16}}],"line":80},"5":{"loc":{"start":{"line":92,"column":22},"end":{"line":96,"column":40}},"type":"cond-expr","locations":[{"start":{"line":93,"column":26},"end":{"line":95,"column":42}},{"start":{"line":96,"column":26},"end":{"line":96,"column":40}}],"line":92},"6":{"loc":{"start":{"line":93,"column":26},"end":{"line":95,"column":42}},"type":"cond-expr","locations":[{"start":{"line":94,"column":28},"end":{"line":94,"column":81}},{"start":{"line":95,"column":28},"end":{"line":95,"column":42}}],"line":93},"7":{"loc":{"start":{"line":100,"column":22},"end":{"line":102,"column":21}},"type":"if","locations":[{"start":{"line":100,"column":22},"end":{"line":102,"column":21}},{"start":{},"end":{}}],"line":100},"8":{"loc":{"start":{"line":110,"column":23},"end":{"line":112,"column":28}},"type":"cond-expr","locations":[{"start":{"line":111,"column":26},"end":{"line":111,"column":55}},{"start":{"line":112,"column":26},"end":{"line":112,"column":28}}],"line":110},"9":{"loc":{"start":{"line":138,"column":11},"end":{"line":143,"column":11}},"type":"binary-expr","locations":[{"start":{"line":138,"column":11},"end":{"line":138,"column":27}},{"start":{"line":138,"column":31},"end":{"line":138,"column":41}},{"start":{"line":139,"column":12},"end":{"line":142,"column":16}}],"line":138}},"s":{"0":3,"1":2,"2":2,"3":2,"4":2,"5":2,"6":2,"7":2,"8":2,"9":2,"10":2,"11":0,"12":0,"13":0,"14":0,"15":0,"16":0,"17":0,"18":0,"19":0,"20":0,"21":0,"22":0,"23":0,"24":0,"25":0,"26":0,"27":0,"28":2,"29":1,"30":1,"31":0,"32":1,"33":1,"34":1,"35":2,"36":1,"37":1,"38":1,"39":1,"40":1,"41":2,"42":1,"43":1,"44":1,"45":0,"46":0},"f":{"0":3,"1":2,"2":2,"3":0,"4":0,"5":0,"6":0,"7":1,"8":1,"9":1,"10":1,"11":1,"12":0},"b":{"0":[0],"1":[0,0],"2":[0,0],"3":[0,1],"4":[2,2],"5":[0,1],"6":[0,0],"7":[0,0],"8":[0,1],"9":[2,1,1]},"_coverageSchema":"1a1c01bbd47fc00a2c39e90264f33305004495a9","hash":"c0039b79f889fb8f30adb86eb3d58243f0d9d65e"}
,"/Users/sumit/Desktop/challenge-frontend-nextjs/components/loader.js": {"path":"/Users/sumit/Desktop/challenge-frontend-nextjs/components/loader.js","statementMap":{"0":{"start":{"line":3,"column":16},"end":{"line":30,"column":1}},"1":{"start":{"line":4,"column":2},"end":{"line":29,"column":4}}},"fnMap":{"0":{"name":"(anonymous_0)","decl":{"start":{"line":3,"column":16},"end":{"line":3,"column":17}},"loc":{"start":{"line":3,"column":35},"end":{"line":30,"column":1}},"line":3}},"branchMap":{"0":{"loc":{"start":{"line":6,"column":7},"end":{"line":27,"column":7}},"type":"cond-expr","locations":[{"start":{"line":7,"column":8},"end":{"line":24,"column":14}},{"start":{"line":26,"column":8},"end":{"line":26,"column":10}}],"line":6}},"s":{"0":1,"1":2},"f":{"0":2},"b":{"0":[0,2]},"_coverageSchema":"1a1c01bbd47fc00a2c39e90264f33305004495a9","hash":"dfa3d38d30334c4ef46b28a7d6b8e6b6d42f3851"}
,"/Users/sumit/Desktop/challenge-frontend-nextjs/reducers/news_store.js": {"path":"/Users/sumit/Desktop/challenge-frontend-nextjs/reducers/news_store.js","statementMap":{"0":{"start":{"line":8,"column":21},"end":{"line":13,"column":1}},"1":{"start":{"line":14,"column":13},"end":{"line":40,"column":1}},"2":{"start":{"line":15,"column":2},"end":{"line":15,"column":31}},"3":{"start":{"line":16,"column":2},"end":{"line":39,"column":3}},"4":{"start":{"line":18,"column":6},"end":{"line":21,"column":8}},"5":{"start":{"line":23,"column":6},"end":{"line":26,"column":8}},"6":{"start":{"line":28,"column":6},"end":{"line":31,"column":6}},"7":{"start":{"line":33,"column":6},"end":{"line":36,"column":8}},"8":{"start":{"line":38,"column":6},"end":{"line":38,"column":19}}},"fnMap":{"0":{"name":"(anonymous_0)","decl":{"start":{"line":14,"column":13},"end":{"line":14,"column":14}},"loc":{"start":{"line":14,"column":75},"end":{"line":40,"column":1}},"line":14}},"branchMap":{"0":{"loc":{"start":{"line":14,"column":14},"end":{"line":14,"column":62}},"type":"default-arg","locations":[{"start":{"line":14,"column":22},"end":{"line":14,"column":62}}],"line":14},"1":{"loc":{"start":{"line":16,"column":2},"end":{"line":39,"column":3}},"type":"switch","locations":[{"start":{"line":17,"column":4},"end":{"line":21,"column":8}},{"start":{"line":22,"column":4},"end":{"line":26,"column":8}},{"start":{"line":27,"column":4},"end":{"line":31,"column":6}},{"start":{"line":32,"column":4},"end":{"line":36,"column":8}},{"start":{"line":37,"column":4},"end":{"line":38,"column":19}}],"line":16},"2":{"loc":{"start":{"line":35,"column":19},"end":{"line":35,"column":40}},"type":"binary-expr","locations":[{"start":{"line":35,"column":19},"end":{"line":35,"column":35}},{"start":{"line":35,"column":39},"end":{"line":35,"column":40}}],"line":35}},"s":{"0":1,"1":1,"2":5,"3":5,"4":1,"5":1,"6":1,"7":1,"8":1},"f":{"0":5},"b":{"0":[1],"1":[1,1,1,1,1],"2":[1,0]},"_coverageSchema":"1a1c01bbd47fc00a2c39e90264f33305004495a9","hash":"c870738825349ef5ec7dce6593a3c9a09026a573"}
}
