TN:
SF:CSSStub.js
FNF:0
FNH:0
DA:1,3
LF:1
LH:1
BRF:0
BRH:0
end_of_record
TN:
SF:actions/news.js
FN:8,(anonymous_0)
FN:15,(anonymous_1)
FN:22,(anonymous_2)
FN:28,(anonymous_3)
FNF:4
FNH:4
FNDA:2,(anonymous_0)
FNDA:2,(anonymous_1)
FNDA:2,(anonymous_2)
FNDA:2,(anonymous_3)
DA:8,2
DA:9,2
DA:15,2
DA:16,2
DA:22,2
DA:23,2
DA:28,2
DA:29,2
LF:8
LH:8
BRF:0
BRH:0
end_of_record
TN:
SF:actions/types.js
FNF:0
FNH:0
DA:1,3
DA:2,3
DA:3,3
DA:4,3
LF:4
LH:4
BRF:0
BRH:0
end_of_record
TN:
SF:components/data.json
FNF:0
FNH:0
LF:0
LH:0
BRF:0
BRH:0
end_of_record
TN:
SF:components/detail.js
FN:8,Detail
FN:11,(anonymous_1)
FN:16,(anonymous_2)
FNF:3
FNH:3
FNDA:3,Detail
FNDA:2,(anonymous_1)
FNDA:1,(anonymous_2)
DA:9,3
DA:10,2
DA:11,2
DA:12,2
DA:16,2
DA:17,1
DA:23,2
LF:7
LH:7
BRDA:31,0,0,0
BRDA:31,0,1,2
BRDA:32,1,0,0
BRDA:32,1,1,0
BRDA:64,2,0,2
BRDA:64,2,1,2
BRDA:84,3,0,2
BRDA:84,3,1,2
BRDA:94,4,0,2
BRDA:94,4,1,2
BRDA:105,5,0,2
BRDA:105,5,1,2
BRF:12
BRH:9
end_of_record
TN:
SF:components/header.js
FN:5,Header
FN:8,(anonymous_1)
FN:11,(anonymous_2)
FN:32,(anonymous_3)
FN:40,(anonymous_4)
FN:51,(anonymous_5)
FNF:6
FNH:6
FNDA:8,Header
FNDA:2,(anonymous_1)
FNDA:3,(anonymous_2)
FNDA:1,(anonymous_3)
FNDA:1,(anonymous_4)
FNDA:1,(anonymous_5)
DA:6,8
DA:7,8
DA:8,8
DA:9,2
DA:11,8
DA:12,3
DA:15,5
DA:34,1
DA:35,1
DA:40,1
DA:52,1
DA:53,1
LF:12
LH:12
BRDA:47,0,0,5
BRDA:47,0,1,5
BRF:2
BRH:2
end_of_record
TN:
SF:components/home.js
FN:11,Home
FN:17,(anonymous_1)
FN:18,(anonymous_2)
FN:22,(anonymous_3)
FN:32,(anonymous_4)
FN:33,(anonymous_5)
FN:39,(anonymous_6)
FN:51,(anonymous_7)
FN:62,(anonymous_8)
FN:81,(anonymous_9)
FN:85,(anonymous_10)
FN:86,(anonymous_11)
FN:99,(anonymous_12)
FNF:13
FNH:8
FNDA:3,Home
FNDA:2,(anonymous_1)
FNDA:2,(anonymous_2)
FNDA:0,(anonymous_3)
FNDA:0,(anonymous_4)
FNDA:0,(anonymous_5)
FNDA:0,(anonymous_6)
FNDA:1,(anonymous_7)
FNDA:1,(anonymous_8)
FNDA:1,(anonymous_9)
FNDA:1,(anonymous_10)
FNDA:1,(anonymous_11)
FNDA:0,(anonymous_12)
DA:12,3
DA:14,2
DA:15,2
DA:16,2
DA:17,2
DA:18,2
DA:19,2
DA:20,2
DA:22,2
DA:23,0
DA:24,0
DA:26,0
DA:27,0
DA:28,0
DA:30,0
DA:31,0
DA:32,0
DA:34,0
DA:35,0
DA:36,0
DA:37,0
DA:40,0
DA:41,0
DA:42,0
DA:44,0
DA:46,0
DA:51,2
DA:52,1
DA:53,1
DA:54,0
DA:56,1
DA:57,1
DA:59,1
DA:62,2
DA:64,1
DA:66,1
DA:67,1
DA:68,1
DA:69,1
DA:73,2
DA:82,1
DA:85,1
DA:86,1
DA:100,0
DA:101,0
LF:45
LH:25
BRDA:22,0,0,0
BRDA:27,1,0,0
BRDA:27,1,1,0
BRDA:34,2,0,0
BRDA:34,2,1,0
BRDA:53,3,0,0
BRDA:53,3,1,1
BRDA:80,4,0,2
BRDA:80,4,1,2
BRDA:92,5,0,0
BRDA:92,5,1,1
BRDA:93,6,0,0
BRDA:93,6,1,0
BRDA:100,7,0,0
BRDA:100,7,1,0
BRDA:110,8,0,0
BRDA:110,8,1,1
BRDA:138,9,0,2
BRDA:138,9,1,1
BRDA:138,9,2,1
BRF:20
BRH:8
end_of_record
TN:
SF:components/loader.js
FN:3,(anonymous_0)
FNF:1
FNH:1
FNDA:2,(anonymous_0)
DA:3,1
DA:4,2
LF:2
LH:2
BRDA:6,0,0,0
BRDA:6,0,1,2
BRF:2
BRH:1
end_of_record
TN:
SF:reducers/news_store.js
FN:14,(anonymous_0)
FNF:1
FNH:1
FNDA:5,(anonymous_0)
DA:8,1
DA:14,1
DA:15,5
DA:16,5
DA:18,1
DA:23,1
DA:28,1
DA:33,1
DA:38,1
LF:9
LH:9
BRDA:14,0,0,1
BRDA:16,1,0,1
BRDA:16,1,1,1
BRDA:16,1,2,1
BRDA:16,1,3,1
BRDA:16,1,4,1
BRDA:35,2,0,1
BRDA:35,2,1,0
BRF:8
BRH:7
end_of_record
